# JRE version: OpenJDK Runtime Environment (8.0_76-b03) (build 1.8.0_76-release-b03)
# Java VM: OpenJDK 64-Bit Server VM (25.76-b03 mixed mode windows-amd64 compressed oops)
Heap:
 PSYoungGen      total 476672K, used 31105K [0x00000000e0000000, 0x0000000100000000, 0x0000000100000000)
  eden space 428544K, 7% used [0x00000000e0000000,0x00000000e1e604a8,0x00000000fa280000)
  from space 48128K, 0% used [0x00000000fd100000,0x00000000fd100000,0x0000000100000000)
  to   space 47616K, 0% used [0x00000000fa280000,0x00000000fa280000,0x00000000fd100000)
 ParOldGen       total 134656K, used 38510K [0x00000000a0000000, 0x00000000a8380000, 0x00000000e0000000)
  object space 134656K, 28% used [0x00000000a0000000,0x00000000a259b8f0,0x00000000a8380000)
 Metaspace       used 66749K, capacity 68726K, committed 68992K, reserved 1110016K
  class space    used 8446K, capacity 8827K, committed 8832K, reserved 1048576K
GC Heap History (10 events):
Event: 44.321 GC heap before
{Heap before GC invocations=24 (full 4):
 PSYoungGen      total 467456K, used 14521K [0x00000000e0000000, 0x00000000ffa80000, 0x0000000100000000)
  eden space 422400K, 0% used [0x00000000e0000000,0x00000000e0000000,0x00000000f9c80000)
  from space 45056K, 32% used [0x00000000fce80000,0x00000000fdcae4c0,0x00000000ffa80000)
  to   space 48128K, 0% used [0x00000000f9c80000,0x00000000f9c80000,0x00000000fcb80000)
 ParOldGen       total 91136K, used 86716K [0x00000000a0000000, 0x00000000a5900000, 0x00000000e0000000)
  object space 91136K, 95% used [0x00000000a0000000,0x00000000a54af118,0x00000000a5900000)
 Metaspace       used 63944K, capacity 65602K, committed 66048K, reserved 1105920K
  class space    used 8198K, capacity 8583K, committed 8704K, reserved 1048576K
Event: 47.101 GC heap after
Heap after GC invocations=24 (full 4):
 PSYoungGen      total 467456K, used 0K [0x00000000e0000000, 0x00000000ffa80000, 0x0000000100000000)
  eden space 422400K, 0% used [0x00000000e0000000,0x00000000e0000000,0x00000000f9c80000)
  from space 45056K, 0% used [0x00000000fce80000,0x00000000fce80000,0x00000000ffa80000)
  to   space 48128K, 0% used [0x00000000f9c80000,0x00000000f9c80000,0x00000000fcb80000)
 ParOldGen       total 134656K, used 63858K [0x00000000a0000000, 0x00000000a8380000, 0x00000000e0000000)
  object space 134656K, 47% used [0x00000000a0000000,0x00000000a3e5c800,0x00000000a8380000)
 Metaspace       used 63944K, capacity 65602K, committed 66048K, reserved 1105920K
  class space    used 8198K, capacity 8583K, committed 8704K, reserved 1048576K
}
Event: 48.619 GC heap before
{Heap before GC invocations=25 (full 4):
 PSYoungGen      total 467456K, used 232776K [0x00000000e0000000, 0x00000000ffa80000, 0x0000000100000000)
  eden space 422400K, 55% used [0x00000000e0000000,0x00000000ee352340,0x00000000f9c80000)
  from space 45056K, 0% used [0x00000000fce80000,0x00000000fce80000,0x00000000ffa80000)
  to   space 48128K, 0% used [0x00000000f9c80000,0x00000000f9c80000,0x00000000fcb80000)
 ParOldGen       total 134656K, used 63858K [0x00000000a0000000, 0x00000000a8380000, 0x00000000e0000000)
  object space 134656K, 47% used [0x00000000a0000000,0x00000000a3e5c800,0x00000000a8380000)
 Metaspace       used 65407K, capacity 67088K, committed 67456K, reserved 1107968K
  class space    used 8362K, capacity 8712K, committed 8832K, reserved 1048576K
Event: 48.624 GC heap after
Heap after GC invocations=25 (full 4):
 PSYoungGen      total 470528K, used 1433K [0x00000000e0000000, 0x0000000100000000, 0x0000000100000000)
  eden space 422400K, 0% used [0x00000000e0000000,0x00000000e0000000,0x00000000f9c80000)
  from space 48128K, 2% used [0x00000000f9c80000,0x00000000f9de6588,0x00000000fcb80000)
  to   space 48128K, 0% used [0x00000000fd100000,0x00000000fd100000,0x0000000100000000)
 ParOldGen       total 134656K, used 63866K [0x00000000a0000000, 0x00000000a8380000, 0x00000000e0000000)
  object space 134656K, 47% used [0x00000000a0000000,0x00000000a3e5e800,0x00000000a8380000)
 Metaspace       used 65407K, capacity 67088K, committed 67456K, reserved 1107968K
  class space    used 8362K, capacity 8712K, committed 8832K, reserved 1048576K
}
Event: 48.624 GC heap before
{Heap before GC invocations=26 (full 5):
 PSYoungGen      total 470528K, used 1433K [0x00000000e0000000, 0x0000000100000000, 0x0000000100000000)
  eden space 422400K, 0% used [0x00000000e0000000,0x00000000e0000000,0x00000000f9c80000)
  from space 48128K, 2% used [0x00000000f9c80000,0x00000000f9de6588,0x00000000fcb80000)
  to   space 48128K, 0% used [0x00000000fd100000,0x00000000fd100000,0x0000000100000000)
 ParOldGen       total 134656K, used 63866K [0x00000000a0000000, 0x00000000a8380000, 0x00000000e0000000)
  object space 134656K, 47% used [0x00000000a0000000,0x00000000a3e5e800,0x00000000a8380000)
 Metaspace       used 65407K, capacity 67088K, committed 67456K, reserved 1107968K
  class space    used 8362K, capacity 8712K, committed 8832K, reserved 1048576K
Event: 49.030 GC heap after
Heap after GC invocations=26 (full 5):
 PSYoungGen      total 470528K, used 0K [0x00000000e0000000, 0x0000000100000000, 0x0000000100000000)
  eden space 422400K, 0% used [0x00000000e0000000,0x00000000e0000000,0x00000000f9c80000)
  from space 48128K, 0% used [0x00000000f9c80000,0x00000000f9c80000,0x00000000fcb80000)
  to   space 48128K, 0% used [0x00000000fd100000,0x00000000fd100000,0x0000000100000000)
 ParOldGen       total 134656K, used 38049K [0x00000000a0000000, 0x00000000a8380000, 0x00000000e0000000)
  object space 134656K, 28% used [0x00000000a0000000,0x00000000a2528728,0x00000000a8380000)
 Metaspace       used 65407K, capacity 67088K, committed 67456K, reserved 1107968K
  class space    used 8362K, capacity 8712K, committed 8832K, reserved 1048576K
}
Event: 229.832 GC heap before
{Heap before GC invocations=27 (full 5):
 PSYoungGen      total 470528K, used 217416K [0x00000000e0000000, 0x0000000100000000, 0x0000000100000000)
  eden space 422400K, 51% used [0x00000000e0000000,0x00000000ed4523c0,0x00000000f9c80000)
  from space 48128K, 0% used [0x00000000f9c80000,0x00000000f9c80000,0x00000000fcb80000)
  to   space 48128K, 0% used [0x00000000fd100000,0x00000000fd100000,0x0000000100000000)
 ParOldGen       total 134656K, used 38049K [0x00000000a0000000, 0x00000000a8380000, 0x00000000e0000000)
  object space 134656K, 28% used [0x00000000a0000000,0x00000000a2528728,0x00000000a8380000)
 Metaspace       used 66655K, capacity 68556K, committed 68736K, reserved 1110016K
  class space    used 8437K, capacity 8816K, committed 8832K, reserved 1048576K
Event: 229.841 GC heap after
Heap after GC invocations=27 (full 5):
 PSYoungGen      total 476672K, used 1860K [0x00000000e0000000, 0x0000000100000000, 0x0000000100000000)
  eden space 428544K, 0% used [0x00000000e0000000,0x00000000e0000000,0x00000000fa280000)
  from space 48128K, 3% used [0x00000000fd100000,0x00000000fd2d1290,0x0000000100000000)
  to   space 47616K, 0% used [0x00000000fa280000,0x00000000fa280000,0x00000000fd100000)
 ParOldGen       total 134656K, used 38057K [0x00000000a0000000, 0x00000000a8380000, 0x00000000e0000000)
  object space 134656K, 28% used [0x00000000a0000000,0x00000000a252a728,0x00000000a8380000)
 Metaspace       used 66655K, capacity 68556K, committed 68736K, reserved 1110016K
  class space    used 8437K, capacity 8816K, committed 8832K, reserved 1048576K
}
Event: 229.841 GC heap before
{Heap before GC invocations=28 (full 6):
 PSYoungGen      total 476672K, used 1860K [0x00000000e0000000, 0x0000000100000000, 0x0000000100000000)
  eden space 428544K, 0% used [0x00000000e0000000,0x00000000e0000000,0x00000000fa280000)
  from space 48128K, 3% used [0x00000000fd100000,0x00000000fd2d1290,0x0000000100000000)
  to   space 47616K, 0% used [0x00000000fa280000,0x00000000fa280000,0x00000000fd100000)
 ParOldGen       total 134656K, used 38057K [0x00000000a0000000, 0x00000000a8380000, 0x00000000e0000000)
  object space 134656K, 28% used [0x00000000a0000000,0x00000000a252a728,0x00000000a8380000)
 Metaspace       used 66655K, capacity 68556K, committed 68736K, reserved 1110016K
  class space    used 8437K, capacity 8816K, committed 8832K, reserved 1048576K
Event: 230.133 GC heap after
Heap after GC invocations=28 (full 6):
 PSYoungGen      total 476672K, used 0K [0x00000000e0000000, 0x0000000100000000, 0x0000000100000000)
  eden space 428544K, 0% used [0x00000000e0000000,0x00000000e0000000,0x00000000fa280000)
  from space 48128K, 0% used [0x00000000fd100000,0x00000000fd100000,0x0000000100000000)
  to   space 47616K, 0% used [0x00000000fa280000,0x00000000fa280000,0x00000000fd100000)
 ParOldGen       total 134656K, used 38510K [0x00000000a0000000, 0x00000000a8380000, 0x00000000e0000000)
  object space 134656K, 28% used [0x00000000a0000000,0x00000000a259b8f0,0x00000000a8380000)
 Metaspace       used 66655K, capacity 68556K, committed 68736K, reserved 1110016K
  class space    used 8437K, capacity 8816K, committed 8832K, reserved 1048576K
}

